==============================================================================
20180126 15:43:49.097 - INFO - + START SUITE: Acceptancetest [ ]
==============================================================================
20180126 15:43:49.135 - INFO - +- START SUITE: Acceptancetest.HelloWorldTests [ ]
==============================================================================
20180126 15:43:49.135 - INFO - +-- START TEST: Say Hello [ ]
------------------------------------------------------------------------------
20180126 15:43:49.135 - INFO - +--- START KW: keywords.CustomKeywords.Greet Everyone [ ]
20180126 15:43:49.144 - INFO - +--- END KW: keywords.CustomKeywords.Greet Everyone (9)
------------------------------------------------------------------------------
20180126 15:43:49.150 - INFO - +-- END TEST: Say Hello (9)
------------------------------------------------------------------------------
20180126 15:43:49.152 - INFO - +-- START TEST: Say Hello In Pig Latin [ ]
------------------------------------------------------------------------------
20180126 15:43:49.153 - INFO - +--- START KW: keywords.CustomKeywords.Reverse Greet Everyone [ ]
20180126 15:43:49.158 - INFO - +--- END KW: keywords.CustomKeywords.Reverse Greet Everyone (4)
------------------------------------------------------------------------------
20180126 15:43:49.160 - INFO - +-- END TEST: Say Hello In Pig Latin (8)
------------------------------------------------------------------------------
20180126 15:43:49.160 - INFO - +-- START TEST: Make Sure You're Saying Hello [ ]
------------------------------------------------------------------------------
20180126 15:43:49.160 - INFO - +--- START KW: keywords.CustomKeywords.Greet Everyone [ ]
20180126 15:43:49.160 - INFO - ${result} = hello world
20180126 15:43:49.160 - INFO - +--- END KW: keywords.CustomKeywords.Greet Everyone (0)
~~~~~~~~~~~~~~~~~~~~~~~~~~~~~~~~~~~~~~~~~~~~~~~~~~~~~~~~~~~~~~~~~~~~~~~~~~~~~~
20180126 15:43:49.160 - INFO - +--- START KW: BuiltIn.Should Be Equal [ ${result} | hello world ]
20180126 15:43:49.175 - INFO - +--- END KW: BuiltIn.Should Be Equal (15)
------------------------------------------------------------------------------
20180126 15:43:49.175 - INFO - +-- END TEST: Make Sure You're Saying Hello (15)
------------------------------------------------------------------------------
20180126 15:43:49.175 - INFO - +-- START TEST: Make A Test That Fails [ ]
------------------------------------------------------------------------------
20180126 15:43:49.175 - INFO - +--- START KW: keywords.CustomKeywords.Reverse Greet Everyone [ ]
20180126 15:43:49.189 - INFO - ${result} = dlrow olleh
20180126 15:43:49.191 - INFO - +--- END KW: keywords.CustomKeywords.Reverse Greet Everyone (16)
~~~~~~~~~~~~~~~~~~~~~~~~~~~~~~~~~~~~~~~~~~~~~~~~~~~~~~~~~~~~~~~~~~~~~~~~~~~~~~
20180126 15:43:49.191 - INFO - +--- START KW: BuiltIn.Should Be Equal [ ${result} | dlrow olleh ]
20180126 15:43:49.196 - INFO - +--- END KW: BuiltIn.Should Be Equal (4)
------------------------------------------------------------------------------
20180126 15:43:49.197 - INFO - +-- END TEST: Make A Test That Fails (22)
------------------------------------------------------------------------------
20180126 15:43:49.202 - INFO - +- END SUITE: Acceptancetest.HelloWorldTests (102)
==============================================================================
20180126 15:43:49.208 - INFO - + END SUITE: Acceptancetest (327)
==============================================================================
